Using pre-set license
Built from '2020.3/staging' branch; Version is '2020.3.26f1 (7298b473bc1a) revision 7510196'; Using compiler version '192528614'; Build Type 'Release'
OS: 'Windows 11  (10.0.22000) 64bit Core' Language: 'en' Physical Memory: 10157 MB
BatchMode: 1, IsHumanControllingUs: 0, StartBugReporterOnCrash: 0, Is64bit: 1, IsPro: 0

COMMAND LINE ARGUMENTS:
C:\Program Files\Unity\Hub\Editor\2020.3.26f1\Editor\Unity.exe
-adb2
-batchMode
-noUpm
-name
AssetImportWorker0
-projectPath
C:/Users/komon/OneDrive/Desktop/Unity Stuff/Sound and Animation Tutorial/Montenegro_Koby_DIG3480_Tutorial1_5_Desktop
-logFile
Logs/AssetImportWorker0.log
-srvPort
58628
Successfully changed project path to: C:/Users/komon/OneDrive/Desktop/Unity Stuff/Sound and Animation Tutorial/Montenegro_Koby_DIG3480_Tutorial1_5_Desktop
C:/Users/komon/OneDrive/Desktop/Unity Stuff/Sound and Animation Tutorial/Montenegro_Koby_DIG3480_Tutorial1_5_Desktop
Using Asset Import Pipeline V2.
Refreshing native plugins compatible for Editor in 111.99 ms, found 3 plugins.
Preloading 0 native plugins for Editor in 0.00 ms.
Initialize engine version: 2020.3.26f1 (7298b473bc1a)
[Subsystems] Discovering subsystems at path C:/Program Files/Unity/Hub/Editor/2020.3.26f1/Editor/Data/Resources/UnitySubsystems
[Subsystems] Discovering subsystems at path C:/Users/komon/OneDrive/Desktop/Unity Stuff/Sound and Animation Tutorial/Montenegro_Koby_DIG3480_Tutorial1_5_Desktop/Assets
GfxDevice: creating device client; threaded=0
Direct3D:
    Version:  Direct3D 11.0 [level 11.1]
    Renderer: AMD Radeon(TM) Vega 8 Graphics (ID=0x15d8)
    Vendor:   
    VRAM:     5078 MB
    Driver:   27.20.21030.1005
Initialize mono
Mono path[0] = 'C:/Program Files/Unity/Hub/Editor/2020.3.26f1/Editor/Data/Managed'
Mono path[1] = 'C:/Program Files/Unity/Hub/Editor/2020.3.26f1/Editor/Data/MonoBleedingEdge/lib/mono/unityjit'
Mono config path = 'C:/Program Files/Unity/Hub/Editor/2020.3.26f1/Editor/Data/MonoBleedingEdge/etc'
Using monoOptions --debugger-agent=transport=dt_socket,embedding=1,server=y,suspend=n,address=127.0.0.1:56124
Begin MonoManager ReloadAssembly
Registering precompiled unity dll's ...
Register platform support module: C:/Program Files/Unity/Hub/Editor/2020.3.26f1/Editor/Data/PlaybackEngines/WebGLSupport/UnityEditor.WebGL.Extensions.dll
Register platform support module: C:/Program Files/Unity/Hub/Editor/2020.3.26f1/Editor/Data/PlaybackEngines/WindowsStandaloneSupport/UnityEditor.WindowsStandalone.Extensions.dll
Registered in 0.006292 seconds.
Native extension for WindowsStandalone target not found
Native extension for WebGL target not found
Refreshing native plugins compatible for Editor in 154.87 ms, found 3 plugins.
Preloading 0 native plugins for Editor in 0.00 ms.
Mono: successfully reloaded assembly
- Completed reload, in  1.986 seconds
Domain Reload Profiling:
	ReloadAssembly (1987ms)
		BeginReloadAssembly (163ms)
			ExecutionOrderSort (0ms)
			DisableScriptedObjects (0ms)
			BackupInstance (0ms)
			ReleaseScriptingObjects (0ms)
			CreateAndSetChildDomain (2ms)
		EndReloadAssembly (1485ms)
			LoadAssemblies (157ms)
			RebuildTransferFunctionScriptingTraits (0ms)
			SetupTypeCache (482ms)
			ReleaseScriptCaches (0ms)
			RebuildScriptCaches (102ms)
			SetupLoadedEditorAssemblies (574ms)
				LogAssemblyErrors (0ms)
				InitializePlatformSupportModulesInManaged (20ms)
				SetLoadedEditorAssemblies (1ms)
				RefreshPlugins (155ms)
				BeforeProcessingInitializeOnLoad (27ms)
				ProcessInitializeOnLoadAttributes (276ms)
				ProcessInitializeOnLoadMethodAttributes (95ms)
				AfterProcessingInitializeOnLoad (0ms)
				EditorAssembliesLoaded (1ms)
			ExecutionOrderSort2 (0ms)
			AwakeInstancesAfterBackupRestoration (0ms)
Platform modules already initialized, skipping
Registering precompiled user dll's ...
Registered in 0.016067 seconds.
Begin MonoManager ReloadAssembly
Native extension for WindowsStandalone target not found
Native extension for WebGL target not found
Refreshing native plugins compatible for Editor in 153.97 ms, found 3 plugins.
Preloading 0 native plugins for Editor in 0.00 ms.
Mono: successfully reloaded assembly
- Completed reload, in  3.784 seconds
Domain Reload Profiling:
	ReloadAssembly (3786ms)
		BeginReloadAssembly (546ms)
			ExecutionOrderSort (0ms)
			DisableScriptedObjects (17ms)
			BackupInstance (0ms)
			ReleaseScriptingObjects (0ms)
			CreateAndSetChildDomain (55ms)
		EndReloadAssembly (3033ms)
			LoadAssemblies (314ms)
			RebuildTransferFunctionScriptingTraits (0ms)
			SetupTypeCache (996ms)
			ReleaseScriptCaches (1ms)
			RebuildScriptCaches (155ms)
			SetupLoadedEditorAssemblies (1206ms)
				LogAssemblyErrors (0ms)
				InitializePlatformSupportModulesInManaged (16ms)
				SetLoadedEditorAssemblies (1ms)
				RefreshPlugins (154ms)
				BeforeProcessingInitializeOnLoad (239ms)
				ProcessInitializeOnLoadAttributes (719ms)
				ProcessInitializeOnLoadMethodAttributes (61ms)
				AfterProcessingInitializeOnLoad (16ms)
				EditorAssembliesLoaded (0ms)
			ExecutionOrderSort2 (0ms)
			AwakeInstancesAfterBackupRestoration (17ms)
Platform modules already initialized, skipping
========================================================================
Worker process is ready to serve import requests
Launched and connected shader compiler UnityShaderCompiler.exe after 0.13 seconds
Refreshing native plugins compatible for Editor in 1.12 ms, found 3 plugins.
Preloading 0 native plugins for Editor in 0.00 ms.
Unloading 2198 Unused Serialized files (Serialized files now loaded: 0)
System memory in use before: 96.8 MB.
System memory in use after: 96.9 MB.

Unloading 28 unused Assets to reduce memory usage. Loaded Objects now: 2631.
Total: 11.495200 ms (FindLiveObjects: 0.550400 ms CreateObjectMapping: 0.234800 ms MarkObjects: 10.494800 ms  DeleteObjects: 0.210700 ms)

AssetImportParameters requested are different than current active one (requested -> active):
  custom:framework-win-MediaFoundation: 216162199b28c13a410421893ffa2e32 -> 
  custom:video-decoder-ogg-theora: a1e56fd34408186e4bbccfd4996cb3dc -> 
  custom:container-muxer-webm: aa71ff27fc2769a1b78a27578f13a17b -> 
  custom:container-demuxer-webm: 4f35f7cbe854078d1ac9338744f61a02 -> 
  custom:container-demuxer-ogg: 62fdf1f143b41e24485cea50d1cbac27 -> 
  custom:video-encoder-webm-vp8: eb34c28f22e8b96e1ab97ce403110664 -> 
  custom:video-decoder-webm-vp8: 9c59270c3fd7afecdb556c50c9e8de78 -> 
  custom:audio-decoder-ogg-vorbis: bf7c407c2cedff20999df2af8eb42d56 -> 
  custom:audio-encoder-webm-vorbis: bf7c407c2cedff20999df2af8eb42d56 -> 
========================================================================
Received Import Request.
  path: Assets
  artifactKey: Guid(00000000000000001000000000000000) Importer(815301076,1909f56bfc062723c751e8b465ee728b)
Start importing Assets using Guid(00000000000000001000000000000000) Importer(815301076,1909f56bfc062723c751e8b465ee728b)  -> (artifact id: '42d402b061de3733987d63b9cc3b64de') in 0.023046 seconds 
  Import took 0.032211 seconds .

========================================================================
Received Import Request.
  Time since last request: 0.000635 seconds.
  path: Assets/Scripts
  artifactKey: Guid(ca5c7a5eeedecdd4cb3c8af986f5a711) Importer(815301076,1909f56bfc062723c751e8b465ee728b)
Start importing Assets/Scripts using Guid(ca5c7a5eeedecdd4cb3c8af986f5a711) Importer(815301076,1909f56bfc062723c751e8b465ee728b)  -> (artifact id: '7c37a057b2ca3a6f4f3482e41a470ce9') in 0.009413 seconds 
  Import took 0.018540 seconds .

========================================================================
Received Import Request.
  Time since last request: 3.278719 seconds.
  path: Assets/Sounds
  artifactKey: Guid(72b0b40af9052d14da0244c8366c6378) Importer(815301076,1909f56bfc062723c751e8b465ee728b)
Start importing Assets/Sounds using Guid(72b0b40af9052d14da0244c8366c6378) Importer(815301076,1909f56bfc062723c751e8b465ee728b)  -> (artifact id: '6aaead88519256318f4d711fd1650b10') in 0.008818 seconds 
  Import took 0.016704 seconds .

========================================================================
Received Import Request.
  Time since last request: 7.858535 seconds.
  path: Assets/Sprites
  artifactKey: Guid(a89be991a5d46644c8a0f560cada5517) Importer(815301076,1909f56bfc062723c751e8b465ee728b)
Start importing Assets/Sprites using Guid(a89be991a5d46644c8a0f560cada5517) Importer(815301076,1909f56bfc062723c751e8b465ee728b)  -> (artifact id: '56b6cd1501641a296e7318a49c7fe5e3') in 0.008753 seconds 
  Import took 0.020329 seconds .

========================================================================
Received Prepare
Registering precompiled user dll's ...
Registered in 0.014587 seconds.
Begin MonoManager ReloadAssembly
Native extension for WindowsStandalone target not found
Native extension for WebGL target not found
Refreshing native plugins compatible for Editor in 1.20 ms, found 3 plugins.
Preloading 0 native plugins for Editor in 0.00 ms.
Mono: successfully reloaded assembly
- Completed reload, in  3.273 seconds
Domain Reload Profiling:
	ReloadAssembly (3274ms)
		BeginReloadAssembly (324ms)
			ExecutionOrderSort (0ms)
			DisableScriptedObjects (15ms)
			BackupInstance (0ms)
			ReleaseScriptingObjects (0ms)
			CreateAndSetChildDomain (100ms)
		EndReloadAssembly (2755ms)
			LoadAssemblies (292ms)
			RebuildTransferFunctionScriptingTraits (0ms)
			SetupTypeCache (953ms)
			ReleaseScriptCaches (3ms)
			RebuildScriptCaches (181ms)
			SetupLoadedEditorAssemblies (984ms)
				LogAssemblyErrors (0ms)
				InitializePlatformSupportModulesInManaged (22ms)
				SetLoadedEditorAssemblies (2ms)
				RefreshPlugins (1ms)
				BeforeProcessingInitializeOnLoad (216ms)
				ProcessInitializeOnLoadAttributes (687ms)
				ProcessInitializeOnLoadMethodAttributes (37ms)
				AfterProcessingInitializeOnLoad (18ms)
				EditorAssembliesLoaded (1ms)
			ExecutionOrderSort2 (0ms)
			AwakeInstancesAfterBackupRestoration (31ms)
Platform modules already initialized, skipping
Refreshing native plugins compatible for Editor in 1.24 ms, found 3 plugins.
Preloading 0 native plugins for Editor in 0.00 ms.
Unloading 2187 Unused Serialized files (Serialized files now loaded: 0)
System memory in use before: 96.1 MB.
System memory in use after: 96.3 MB.

Unloading 17 unused Assets to reduce memory usage. Loaded Objects now: 2633.
Total: 10.457400 ms (FindLiveObjects: 0.494200 ms CreateObjectMapping: 0.301600 ms MarkObjects: 9.611700 ms  DeleteObjects: 0.047200 ms)

AssetImportParameters requested are different than current active one (requested -> active):
  custom:framework-win-MediaFoundation: 216162199b28c13a410421893ffa2e32 -> 
  custom:video-decoder-ogg-theora: a1e56fd34408186e4bbccfd4996cb3dc -> 
  custom:container-muxer-webm: aa71ff27fc2769a1b78a27578f13a17b -> 
  custom:container-demuxer-webm: 4f35f7cbe854078d1ac9338744f61a02 -> 
  custom:container-demuxer-ogg: 62fdf1f143b41e24485cea50d1cbac27 -> 
  custom:video-encoder-webm-vp8: eb34c28f22e8b96e1ab97ce403110664 -> 
  custom:video-decoder-webm-vp8: 9c59270c3fd7afecdb556c50c9e8de78 -> 
  custom:audio-decoder-ogg-vorbis: bf7c407c2cedff20999df2af8eb42d56 -> 
  custom:audio-encoder-webm-vorbis: bf7c407c2cedff20999df2af8eb42d56 -> 
========================================================================
Received Import Request.
  Time since last request: 80.512162 seconds.
  path: Assets/Sprites/Dead (1).png
  artifactKey: Guid(0e8cc8f0368525c4dbbc448da12f264e) Importer(815301076,1909f56bfc062723c751e8b465ee728b)
Start importing Assets/Sprites/Dead (1).png using Guid(0e8cc8f0368525c4dbbc448da12f264e) Importer(815301076,1909f56bfc062723c751e8b465ee728b)  -> (artifact id: '7ac09fedb341e912841494c471cfbb5d') in 0.300445 seconds 
  Import took 0.308050 seconds .

========================================================================
Received Import Request.
  Time since last request: 0.000428 seconds.
  path: Assets/Sprites/Idle (5).png
  artifactKey: Guid(898048100b3d161489d87a3fd685ef43) Importer(815301076,1909f56bfc062723c751e8b465ee728b)
Start importing Assets/Sprites/Idle (5).png using Guid(898048100b3d161489d87a3fd685ef43) Importer(815301076,1909f56bfc062723c751e8b465ee728b)  -> (artifact id: '7e133ac1e78d4c09987a8aa88aca8874') in 0.025636 seconds 
  Import took 0.032666 seconds .

========================================================================
Received Import Request.
  Time since last request: 0.000462 seconds.
  path: Assets/Sprites/Hurt (8).png
  artifactKey: Guid(2ff4c518fd6f5b542a5ca5e47d06c6c7) Importer(815301076,1909f56bfc062723c751e8b465ee728b)
Start importing Assets/Sprites/Hurt (8).png using Guid(2ff4c518fd6f5b542a5ca5e47d06c6c7) Importer(815301076,1909f56bfc062723c751e8b465ee728b)  -> (artifact id: '3cb4555e0335b0677c8a3d456c1874d2') in 0.032547 seconds 
  Import took 0.041875 seconds .

========================================================================
Received Import Request.
  Time since last request: 0.000575 seconds.
  path: Assets/Sprites/Idle (1).png
  artifactKey: Guid(03c8f5fa72d2b6a4d81e8a7005226eb5) Importer(815301076,1909f56bfc062723c751e8b465ee728b)
Start importing Assets/Sprites/Idle (1).png using Guid(03c8f5fa72d2b6a4d81e8a7005226eb5) Importer(815301076,1909f56bfc062723c751e8b465ee728b)  -> (artifact id: '02d32164a84acbb5b15616da1ed2d701') in 0.031968 seconds 
  Import took 0.041667 seconds .

========================================================================
Received Import Request.
  Time since last request: 0.000878 seconds.
  path: Assets/Sprites/Idle (3).png
  artifactKey: Guid(a79ba657ef506794ea274781acfb8826) Importer(815301076,1909f56bfc062723c751e8b465ee728b)
Start importing Assets/Sprites/Idle (3).png using Guid(a79ba657ef506794ea274781acfb8826) Importer(815301076,1909f56bfc062723c751e8b465ee728b)  -> (artifact id: 'c73fe54acefd75a9e57ba8ca36839a1f') in 0.030387 seconds 
  Import took 0.043928 seconds .

========================================================================
Received Import Request.
  Time since last request: 0.000532 seconds.
  path: Assets/Sprites/Fall (5).png
  artifactKey: Guid(6c800d72870d2784f851c3aafcae8edb) Importer(815301076,1909f56bfc062723c751e8b465ee728b)
Start importing Assets/Sprites/Fall (5).png using Guid(6c800d72870d2784f851c3aafcae8edb) Importer(815301076,1909f56bfc062723c751e8b465ee728b)  -> (artifact id: '0111e65c4554529abb51890139df6bfe') in 0.028082 seconds 
  Import took 0.037196 seconds .

========================================================================
Received Import Request.
  Time since last request: 0.000554 seconds.
  path: Assets/Sprites/Dead (4).png
  artifactKey: Guid(8df9774d6d3cf5b4482b06eee8d0a425) Importer(815301076,1909f56bfc062723c751e8b465ee728b)
Start importing Assets/Sprites/Dead (4).png using Guid(8df9774d6d3cf5b4482b06eee8d0a425) Importer(815301076,1909f56bfc062723c751e8b465ee728b)  -> (artifact id: '6a3ae545dbcec38c0e1c51f8764e171d') in 0.028223 seconds 
  Import took 0.036436 seconds .

========================================================================
Received Import Request.
  Time since last request: 0.000596 seconds.
  path: Assets/Sprites/Dead (7).png
  artifactKey: Guid(d0fc6d19f5783684caa3a72ee1ef9b22) Importer(815301076,1909f56bfc062723c751e8b465ee728b)
Start importing Assets/Sprites/Dead (7).png using Guid(d0fc6d19f5783684caa3a72ee1ef9b22) Importer(815301076,1909f56bfc062723c751e8b465ee728b)  -> (artifact id: 'bf27c047ed33307379d8ca1b7388ec24') in 0.026755 seconds 
  Import took 0.035556 seconds .

========================================================================
Received Import Request.
  Time since last request: 0.000497 seconds.
  path: Assets/Sprites/Dead (5).png
  artifactKey: Guid(e7308fc5133bbb64b9c1bd4e4586a79c) Importer(815301076,1909f56bfc062723c751e8b465ee728b)
Start importing Assets/Sprites/Dead (5).png using Guid(e7308fc5133bbb64b9c1bd4e4586a79c) Importer(815301076,1909f56bfc062723c751e8b465ee728b)  -> (artifact id: '53857cf92375cc9f87a2f33af76c9b46') in 0.030792 seconds 
  Import took 0.038426 seconds .

========================================================================
Received Import Request.
  Time since last request: 0.000669 seconds.
  path: Assets/Sprites/Dead (6).png
  artifactKey: Guid(8f7a4eaccc418e9438a0df5712097cde) Importer(815301076,1909f56bfc062723c751e8b465ee728b)
Start importing Assets/Sprites/Dead (6).png using Guid(8f7a4eaccc418e9438a0df5712097cde) Importer(815301076,1909f56bfc062723c751e8b465ee728b)  -> (artifact id: '7e8979539ba5b09543138917455772cc') in 0.035038 seconds 
  Import took 0.043491 seconds .

========================================================================
Received Import Request.
  Time since last request: 0.000471 seconds.
  path: Assets/Sprites/Fall (7).png
  artifactKey: Guid(80b4ef6b4978a4140a4b059c4d0c6da3) Importer(815301076,1909f56bfc062723c751e8b465ee728b)
Start importing Assets/Sprites/Fall (7).png using Guid(80b4ef6b4978a4140a4b059c4d0c6da3) Importer(815301076,1909f56bfc062723c751e8b465ee728b)  -> (artifact id: '105ce08e13230484b42552b6463758e8') in 0.039421 seconds 
  Import took 0.050595 seconds .

========================================================================
Received Import Request.
  Time since last request: 0.000545 seconds.
  path: Assets/Sprites/Dead (8).png
  artifactKey: Guid(5cddd5722e803434584f9409edb91eca) Importer(815301076,1909f56bfc062723c751e8b465ee728b)
Start importing Assets/Sprites/Dead (8).png using Guid(5cddd5722e803434584f9409edb91eca) Importer(815301076,1909f56bfc062723c751e8b465ee728b)  -> (artifact id: '6473a4ff045247219569e386865e34d7') in 0.033271 seconds 
  Import took 0.043406 seconds .

========================================================================
Received Import Request.
  Time since last request: 0.000526 seconds.
  path: Assets/Sprites/Fall (8).png
  artifactKey: Guid(8d41797d05f5a8f45b74912d2debb410) Importer(815301076,1909f56bfc062723c751e8b465ee728b)
Start importing Assets/Sprites/Fall (8).png using Guid(8d41797d05f5a8f45b74912d2debb410) Importer(815301076,1909f56bfc062723c751e8b465ee728b)  -> (artifact id: 'ccde6bffb45353345a895dbf40bc6387') in 0.030815 seconds 
  Import took 0.037951 seconds .

========================================================================
Received Import Request.
  Time since last request: 0.000518 seconds.
  path: Assets/Sprites/Fall (6).png
  artifactKey: Guid(60fb3b07095c9c54caef9e0f3d8a715e) Importer(815301076,1909f56bfc062723c751e8b465ee728b)
Start importing Assets/Sprites/Fall (6).png using Guid(60fb3b07095c9c54caef9e0f3d8a715e) Importer(815301076,1909f56bfc062723c751e8b465ee728b)  -> (artifact id: 'c29a1d3062c3d3afee366f68134f07f2') in 0.029813 seconds 
  Import took 0.037521 seconds .

========================================================================
Received Import Request.
  Time since last request: 0.000770 seconds.
  path: Assets/Sprites/Hurt (2).png
  artifactKey: Guid(828e4a2606a9a054da346de2e3ee532a) Importer(815301076,1909f56bfc062723c751e8b465ee728b)
Start importing Assets/Sprites/Hurt (2).png using Guid(828e4a2606a9a054da346de2e3ee532a) Importer(815301076,1909f56bfc062723c751e8b465ee728b)  -> (artifact id: 'a01b4a8552daeba86817b4e63bc9ff44') in 0.028304 seconds 
  Import took 0.039073 seconds .

========================================================================
Received Import Request.
  Time since last request: 0.000710 seconds.
  path: Assets/Sprites/Idle (10).png
  artifactKey: Guid(88dd0364e77b44f4782999eae4287ff3) Importer(815301076,1909f56bfc062723c751e8b465ee728b)
Start importing Assets/Sprites/Idle (10).png using Guid(88dd0364e77b44f4782999eae4287ff3) Importer(815301076,1909f56bfc062723c751e8b465ee728b)  -> (artifact id: '73ab7bf93bd6e4ed3082359d121bae1f') in 0.033606 seconds 
  Import took 0.043155 seconds .

========================================================================
Received Import Request.
  Time since last request: 0.000733 seconds.
  path: Assets/Sprites/Hurt (4).png
  artifactKey: Guid(5dcb598b18c046941a44a1044e469594) Importer(815301076,1909f56bfc062723c751e8b465ee728b)
Start importing Assets/Sprites/Hurt (4).png using Guid(5dcb598b18c046941a44a1044e469594) Importer(815301076,1909f56bfc062723c751e8b465ee728b)  -> (artifact id: '404cc454ba4eb46e82f237b072ff5132') in 0.037720 seconds 
  Import took 0.048462 seconds .

========================================================================
Received Import Request.
  Time since last request: 0.000757 seconds.
  path: Assets/Sprites/Dead (3).png
  artifactKey: Guid(0daff8edd2a9a9a4ab72e3c9cb7515f1) Importer(815301076,1909f56bfc062723c751e8b465ee728b)
Start importing Assets/Sprites/Dead (3).png using Guid(0daff8edd2a9a9a4ab72e3c9cb7515f1) Importer(815301076,1909f56bfc062723c751e8b465ee728b)  -> (artifact id: 'd8021075259f41d652acc5ddbb9f4d60') in 0.028930 seconds 
  Import took 0.037846 seconds .

========================================================================
Received Import Request.
  Time since last request: 0.000864 seconds.
  path: Assets/Sprites/Hurt (10).png
  artifactKey: Guid(70b4672f639511f43bbc72b2b8548c5f) Importer(815301076,1909f56bfc062723c751e8b465ee728b)
Start importing Assets/Sprites/Hurt (10).png using Guid(70b4672f639511f43bbc72b2b8548c5f) Importer(815301076,1909f56bfc062723c751e8b465ee728b)  -> (artifact id: 'e173b3937d577f92852fc35ee607dcd8') in 0.033330 seconds 
  Import took 0.043813 seconds .

========================================================================
Received Import Request.
  Time since last request: 0.000644 seconds.
  path: Assets/Sprites/Hurt (7).png
  artifactKey: Guid(54cb8f902124955429a16ac1b8634a18) Importer(815301076,1909f56bfc062723c751e8b465ee728b)
Start importing Assets/Sprites/Hurt (7).png using Guid(54cb8f902124955429a16ac1b8634a18) Importer(815301076,1909f56bfc062723c751e8b465ee728b)  -> (artifact id: '3f04b84b690febd3c1b2cde8ebd5119c') in 0.026920 seconds 
  Import took 0.035585 seconds .

========================================================================
Received Import Request.
  Time since last request: 0.000632 seconds.
  path: Assets/Sprites/Dead (9).png
  artifactKey: Guid(32ddb2c3697b7de42ab3363f2b2995fa) Importer(815301076,1909f56bfc062723c751e8b465ee728b)
Start importing Assets/Sprites/Dead (9).png using Guid(32ddb2c3697b7de42ab3363f2b2995fa) Importer(815301076,1909f56bfc062723c751e8b465ee728b)  -> (artifact id: 'e5b2ad500ee588abe20d37268c07e5d4') in 0.027930 seconds 
  Import took 0.036431 seconds .

========================================================================
Received Import Request.
  Time since last request: 0.000648 seconds.
  path: Assets/Sprites/Jump (3).png
  artifactKey: Guid(a1bba692594459344b4a7009756b855e) Importer(815301076,1909f56bfc062723c751e8b465ee728b)
Start importing Assets/Sprites/Jump (3).png using Guid(a1bba692594459344b4a7009756b855e) Importer(815301076,1909f56bfc062723c751e8b465ee728b)  -> (artifact id: 'd094c6139d8e45e85a19b4a08ab83df2') in 0.031551 seconds 
  Import took 0.039620 seconds .

========================================================================
Received Import Request.
  Time since last request: 0.000723 seconds.
  path: Assets/Sprites/Idle (9).png
  artifactKey: Guid(27f4eb4be8e7eab489137e2b9b54516a) Importer(815301076,1909f56bfc062723c751e8b465ee728b)
Start importing Assets/Sprites/Idle (9).png using Guid(27f4eb4be8e7eab489137e2b9b54516a) Importer(815301076,1909f56bfc062723c751e8b465ee728b)  -> (artifact id: '278242d0bc9226a485818ac0523b90d7') in 0.032028 seconds 
  Import took 0.041934 seconds .

========================================================================
Received Import Request.
  Time since last request: 0.000797 seconds.
  path: Assets/Sprites/Hurt (6).png
  artifactKey: Guid(1475bf7a8d94b2144b1dfdaa982ddcfd) Importer(815301076,1909f56bfc062723c751e8b465ee728b)
Start importing Assets/Sprites/Hurt (6).png using Guid(1475bf7a8d94b2144b1dfdaa982ddcfd) Importer(815301076,1909f56bfc062723c751e8b465ee728b)  -> (artifact id: '75df1329c8f79660773c3f5ee521809a') in 0.035062 seconds 
  Import took 0.045212 seconds .

========================================================================
Received Import Request.
  Time since last request: 0.001696 seconds.
  path: Assets/Sprites/Jump (2).png
  artifactKey: Guid(dcc308b7563f59e4e8445abd98a54c7b) Importer(815301076,1909f56bfc062723c751e8b465ee728b)
Start importing Assets/Sprites/Jump (2).png using Guid(dcc308b7563f59e4e8445abd98a54c7b) Importer(815301076,1909f56bfc062723c751e8b465ee728b)  -> (artifact id: '2b2d3c2e6429efc1c3d2be394afbbbae') in 0.030614 seconds 
  Import took 0.038506 seconds .

========================================================================
Received Import Request.
  Time since last request: 0.000724 seconds.
  path: Assets/Sprites/Hurt (3).png
  artifactKey: Guid(82859109f1562354f9c7be8d555f39c5) Importer(815301076,1909f56bfc062723c751e8b465ee728b)
Start importing Assets/Sprites/Hurt (3).png using Guid(82859109f1562354f9c7be8d555f39c5) Importer(815301076,1909f56bfc062723c751e8b465ee728b)  -> (artifact id: 'fff0d24c211eb7f7c8a2af6a3cd0b05a') in 0.030635 seconds 
  Import took 0.037834 seconds .

========================================================================
Received Import Request.
  Time since last request: 0.000673 seconds.
  path: Assets/Sprites/Dead (2).png
  artifactKey: Guid(659387b46d51ee645a4b5ae3e802df38) Importer(815301076,1909f56bfc062723c751e8b465ee728b)
Start importing Assets/Sprites/Dead (2).png using Guid(659387b46d51ee645a4b5ae3e802df38) Importer(815301076,1909f56bfc062723c751e8b465ee728b)  -> (artifact id: 'd38849130783423f656962286c7616e1') in 0.030553 seconds 
  Import took 0.041813 seconds .

========================================================================
Received Import Request.
  Time since last request: 0.000568 seconds.
  path: Assets/Sprites/Idle (7).png
  artifactKey: Guid(92f102e659a458c419bcc52fbe3f0c28) Importer(815301076,1909f56bfc062723c751e8b465ee728b)
Start importing Assets/Sprites/Idle (7).png using Guid(92f102e659a458c419bcc52fbe3f0c28) Importer(815301076,1909f56bfc062723c751e8b465ee728b)  -> (artifact id: '0fd48e652f35aef440022006c1540390') in 0.024559 seconds 
  Import took 0.031711 seconds .

========================================================================
Received Import Request.
  Time since last request: 0.000379 seconds.
  path: Assets/Sprites/Idle (4).png
  artifactKey: Guid(df19517b203e8864eb92c23a2989f44c) Importer(815301076,1909f56bfc062723c751e8b465ee728b)
Start importing Assets/Sprites/Idle (4).png using Guid(df19517b203e8864eb92c23a2989f44c) Importer(815301076,1909f56bfc062723c751e8b465ee728b)  -> (artifact id: '2fe8b896775855d51123faf0f4750b3f') in 0.023948 seconds 
  Import took 0.029831 seconds .

========================================================================
Received Import Request.
  Time since last request: 0.000328 seconds.
  path: Assets/Sprites/Idle (2).png
  artifactKey: Guid(e196aeb060da86248a5575a9f321b363) Importer(815301076,1909f56bfc062723c751e8b465ee728b)
Start importing Assets/Sprites/Idle (2).png using Guid(e196aeb060da86248a5575a9f321b363) Importer(815301076,1909f56bfc062723c751e8b465ee728b)  -> (artifact id: '11928169916ffc98e6162d7d1c11a3ca') in 0.019600 seconds 
  Import took 0.024751 seconds .

========================================================================
Received Import Request.
  Time since last request: 0.000553 seconds.
  path: Assets/Sprites/Hurt (9).png
  artifactKey: Guid(684fca79d003f6a4dbfef5a7c97c67b0) Importer(815301076,1909f56bfc062723c751e8b465ee728b)
Start importing Assets/Sprites/Hurt (9).png using Guid(684fca79d003f6a4dbfef5a7c97c67b0) Importer(815301076,1909f56bfc062723c751e8b465ee728b)  -> (artifact id: '86989ef27c20b28001392a95a98e0010') in 0.029011 seconds 
  Import took 0.036813 seconds .

========================================================================
Received Import Request.
  Time since last request: 0.000577 seconds.
  path: Assets/Sprites/Fall (2).png
  artifactKey: Guid(2a10b3d7ab899bc449cd1143f1b79776) Importer(815301076,1909f56bfc062723c751e8b465ee728b)
Start importing Assets/Sprites/Fall (2).png using Guid(2a10b3d7ab899bc449cd1143f1b79776) Importer(815301076,1909f56bfc062723c751e8b465ee728b)  -> (artifact id: 'b9235b1ea389bd6a3e2e19564d1e5575') in 0.029394 seconds 
  Import took 0.037716 seconds .

========================================================================
Received Import Request.
  Time since last request: 0.000690 seconds.
  path: Assets/Sprites/Idle (8).png
  artifactKey: Guid(50eef0b4605092149af7289f96b10bd0) Importer(815301076,1909f56bfc062723c751e8b465ee728b)
Start importing Assets/Sprites/Idle (8).png using Guid(50eef0b4605092149af7289f96b10bd0) Importer(815301076,1909f56bfc062723c751e8b465ee728b)  -> (artifact id: 'caf84d39cd99d42802041a59ff4ae7f6') in 0.031854 seconds 
  Import took 0.040689 seconds .

========================================================================
Received Import Request.
  Time since last request: 0.000642 seconds.
  path: Assets/Sprites/Dead (10).png
  artifactKey: Guid(c222e1151faa6e44a8e080596cf7de46) Importer(815301076,1909f56bfc062723c751e8b465ee728b)
Start importing Assets/Sprites/Dead (10).png using Guid(c222e1151faa6e44a8e080596cf7de46) Importer(815301076,1909f56bfc062723c751e8b465ee728b)  -> (artifact id: '65c4739aeb2f56b3126b1444acda0311') in 0.030233 seconds 
  Import took 0.038432 seconds .

========================================================================
Received Import Request.
  Time since last request: 0.000696 seconds.
  path: Assets/Sprites/Fall (4).png
  artifactKey: Guid(5e9d6f34d6d00e345bc658ad984e2655) Importer(815301076,1909f56bfc062723c751e8b465ee728b)
Start importing Assets/Sprites/Fall (4).png using Guid(5e9d6f34d6d00e345bc658ad984e2655) Importer(815301076,1909f56bfc062723c751e8b465ee728b)  -> (artifact id: '08a5bde940bc28a26f18ee18490488bf') in 0.029560 seconds 
  Import took 0.037359 seconds .

========================================================================
Received Import Request.
  Time since last request: 0.000645 seconds.
  path: Assets/Sprites/Idle (6).png
  artifactKey: Guid(9e5243c49035eda44b3ca46fb5439c9d) Importer(815301076,1909f56bfc062723c751e8b465ee728b)
Start importing Assets/Sprites/Idle (6).png using Guid(9e5243c49035eda44b3ca46fb5439c9d) Importer(815301076,1909f56bfc062723c751e8b465ee728b)  -> (artifact id: '555e0bf17df17ed8b2e935123c12316e') in 0.030086 seconds 
  Import took 0.041338 seconds .

========================================================================
Received Import Request.
  Time since last request: 0.000927 seconds.
  path: Assets/Sprites/Fall (3).png
  artifactKey: Guid(f4fb7ccf14c1b6240943b17454d7d9c1) Importer(815301076,1909f56bfc062723c751e8b465ee728b)
Start importing Assets/Sprites/Fall (3).png using Guid(f4fb7ccf14c1b6240943b17454d7d9c1) Importer(815301076,1909f56bfc062723c751e8b465ee728b)  -> (artifact id: '3b1c406a4c1baef363e641600d8e6bba') in 0.037000 seconds 
  Import took 0.047781 seconds .

========================================================================
Received Import Request.
  Time since last request: 0.000765 seconds.
  path: Assets/Sprites/Hurt (5).png
  artifactKey: Guid(2382324b9ba85ab4fa68caada2f4e633) Importer(815301076,1909f56bfc062723c751e8b465ee728b)
Start importing Assets/Sprites/Hurt (5).png using Guid(2382324b9ba85ab4fa68caada2f4e633) Importer(815301076,1909f56bfc062723c751e8b465ee728b)  -> (artifact id: '97c67025d2c503ea00a683054d00d378') in 0.039651 seconds 
  Import took 0.054671 seconds .

========================================================================
Received Import Request.
  Time since last request: 0.000751 seconds.
  path: Assets/Sprites/Fall (1).png
  artifactKey: Guid(50c6cf05a2febfb48ac31add1eb7e352) Importer(815301076,1909f56bfc062723c751e8b465ee728b)
Start importing Assets/Sprites/Fall (1).png using Guid(50c6cf05a2febfb48ac31add1eb7e352) Importer(815301076,1909f56bfc062723c751e8b465ee728b)  -> (artifact id: '4173b09cee0a9cd30c855fb34bbe90aa') in 0.046023 seconds 
  Import took 0.055569 seconds .

========================================================================
Received Import Request.
  Time since last request: 0.000529 seconds.
  path: Assets/Sprites/Jump (1).png
  artifactKey: Guid(c13c6d846e701f8469d575ed98fe2d17) Importer(815301076,1909f56bfc062723c751e8b465ee728b)
Start importing Assets/Sprites/Jump (1).png using Guid(c13c6d846e701f8469d575ed98fe2d17) Importer(815301076,1909f56bfc062723c751e8b465ee728b)  -> (artifact id: 'c270ea70f566a6bb70881a014a3da5ca') in 0.024769 seconds 
  Import took 0.033034 seconds .

========================================================================
Received Import Request.
  Time since last request: 0.000444 seconds.
  path: Assets/Sprites/Hurt (1).png
  artifactKey: Guid(f9e4ddd3a81d89642b6c1d81eb42d6d9) Importer(815301076,1909f56bfc062723c751e8b465ee728b)
Start importing Assets/Sprites/Hurt (1).png using Guid(f9e4ddd3a81d89642b6c1d81eb42d6d9) Importer(815301076,1909f56bfc062723c751e8b465ee728b)  -> (artifact id: 'f056caad917392f09a33196271de7afc') in 0.024289 seconds 
  Import took 0.031944 seconds .

========================================================================
Received Import Request.
  Time since last request: 10.730365 seconds.
  path: Assets/Sprites/Jump (4).png
  artifactKey: Guid(f3d076670c8cb3747a31cde2ed5d2058) Importer(815301076,1909f56bfc062723c751e8b465ee728b)
Start importing Assets/Sprites/Jump (4).png using Guid(f3d076670c8cb3747a31cde2ed5d2058) Importer(815301076,1909f56bfc062723c751e8b465ee728b)  -> (artifact id: 'b7036064923eb843ba9654b9f399d4ea') in 0.033499 seconds 
  Import took 0.043999 seconds .

========================================================================
Received Import Request.
  Time since last request: 0.000638 seconds.
  path: Assets/Sprites/Run (1).png
  artifactKey: Guid(43e89ef277158fa4caeb41d190be4ef5) Importer(815301076,1909f56bfc062723c751e8b465ee728b)
Start importing Assets/Sprites/Run (1).png using Guid(43e89ef277158fa4caeb41d190be4ef5) Importer(815301076,1909f56bfc062723c751e8b465ee728b)  -> (artifact id: 'c67b10255b9f7c2ad9b19f8d60bbc05d') in 0.034006 seconds 
  Import took 0.042506 seconds .

========================================================================
Received Import Request.
  Time since last request: 0.000528 seconds.
  path: Assets/Sprites/Jump (5).png
  artifactKey: Guid(dfdc236ee5510344a9dd1281d860981f) Importer(815301076,1909f56bfc062723c751e8b465ee728b)
Start importing Assets/Sprites/Jump (5).png using Guid(dfdc236ee5510344a9dd1281d860981f) Importer(815301076,1909f56bfc062723c751e8b465ee728b)  -> (artifact id: 'a5090bf19c6da20815762a5b37dda93f') in 0.034295 seconds 
  Import took 0.045652 seconds .

========================================================================
Received Import Request.
  Time since last request: 0.000638 seconds.
  path: Assets/Sprites/Run (4).png
  artifactKey: Guid(aaa1e819914c6c247b61084bd706f5c6) Importer(815301076,1909f56bfc062723c751e8b465ee728b)
Start importing Assets/Sprites/Run (4).png using Guid(aaa1e819914c6c247b61084bd706f5c6) Importer(815301076,1909f56bfc062723c751e8b465ee728b)  -> (artifact id: 'ffbaefedab375d2c8414148783c06f72') in 0.035722 seconds 
  Import took 0.045827 seconds .

========================================================================
Received Import Request.
  Time since last request: 0.000790 seconds.
  path: Assets/Sprites/Run (5).png
  artifactKey: Guid(76874e4ce1ae42c428e5166b2e253a19) Importer(815301076,1909f56bfc062723c751e8b465ee728b)
Start importing Assets/Sprites/Run (5).png using Guid(76874e4ce1ae42c428e5166b2e253a19) Importer(815301076,1909f56bfc062723c751e8b465ee728b)  -> (artifact id: '7cd9dc96698dbbedb51277202d71b2fe') in 0.034179 seconds 
  Import took 0.046648 seconds .

========================================================================
Received Import Request.
  Time since last request: 0.000743 seconds.
  path: Assets/Sprites/Jump (7).png
  artifactKey: Guid(313471f77649fb642aab8cd81fe7cf12) Importer(815301076,1909f56bfc062723c751e8b465ee728b)
Start importing Assets/Sprites/Jump (7).png using Guid(313471f77649fb642aab8cd81fe7cf12) Importer(815301076,1909f56bfc062723c751e8b465ee728b)  -> (artifact id: '195d9f316da306b98fd70f765feb257b') in 0.034201 seconds 
  Import took 0.044920 seconds .

========================================================================
Received Import Request.
  Time since last request: 0.001009 seconds.
  path: Assets/Sprites/Run (3).png
  artifactKey: Guid(5c9b089d80e2a82448701e834c069e35) Importer(815301076,1909f56bfc062723c751e8b465ee728b)
Start importing Assets/Sprites/Run (3).png using Guid(5c9b089d80e2a82448701e834c069e35) Importer(815301076,1909f56bfc062723c751e8b465ee728b)  -> (artifact id: '9fc1a5b0803ab435e5def6f60177e45b') in 0.034468 seconds 
  Import took 0.042427 seconds .

========================================================================
Received Import Request.
  Time since last request: 0.000511 seconds.
  path: Assets/Sprites/Jump (6).png
  artifactKey: Guid(b045e632a640c5a4e9ec0448c8bdcd45) Importer(815301076,1909f56bfc062723c751e8b465ee728b)
Start importing Assets/Sprites/Jump (6).png using Guid(b045e632a640c5a4e9ec0448c8bdcd45) Importer(815301076,1909f56bfc062723c751e8b465ee728b)  -> (artifact id: '5727c1636a3957e3073a11e0cbebb785') in 0.032894 seconds 
  Import took 0.043569 seconds .

========================================================================
Received Import Request.
  Time since last request: 0.000660 seconds.
  path: Assets/Sprites/Jump (8).png
  artifactKey: Guid(ca4c50c5093e05e40806b36a2428d8bd) Importer(815301076,1909f56bfc062723c751e8b465ee728b)
Start importing Assets/Sprites/Jump (8).png using Guid(ca4c50c5093e05e40806b36a2428d8bd) Importer(815301076,1909f56bfc062723c751e8b465ee728b)  -> (artifact id: '3e52fc8f429b479d2068c225137b4222') in 0.033220 seconds 
  Import took 0.043798 seconds .

========================================================================
Received Import Request.
  Time since last request: 0.000806 seconds.
  path: Assets/Sprites/Run (2).png
  artifactKey: Guid(fba8cc7f3ea61b64982f1769683f4be0) Importer(815301076,1909f56bfc062723c751e8b465ee728b)
Start importing Assets/Sprites/Run (2).png using Guid(fba8cc7f3ea61b64982f1769683f4be0) Importer(815301076,1909f56bfc062723c751e8b465ee728b)  -> (artifact id: 'b8e6d4d45e96ba9d3d5fe1870fea1630') in 0.033230 seconds 
  Import took 0.042644 seconds .

========================================================================
Received Import Request.
  Time since last request: 0.031487 seconds.
  path: Assets/Sprites/Run (6).png
  artifactKey: Guid(fbee39323b0b87a4db43199681cc591a) Importer(815301076,1909f56bfc062723c751e8b465ee728b)
Start importing Assets/Sprites/Run (6).png using Guid(fbee39323b0b87a4db43199681cc591a) Importer(815301076,1909f56bfc062723c751e8b465ee728b)  -> (artifact id: '6ba49bef5db6b88a9db5363ad32737ab') in 0.032519 seconds 
  Import took 0.041706 seconds .

========================================================================
Received Import Request.
  Time since last request: 0.000579 seconds.
  path: Assets/Sprites/Slide (4).png
  artifactKey: Guid(e4fc9a4caab21524c97ace592a082ac3) Importer(815301076,1909f56bfc062723c751e8b465ee728b)
Start importing Assets/Sprites/Slide (4).png using Guid(e4fc9a4caab21524c97ace592a082ac3) Importer(815301076,1909f56bfc062723c751e8b465ee728b)  -> (artifact id: '05467228420340887a32e8ea5553a1f1') in 0.028528 seconds 
  Import took 0.037695 seconds .

========================================================================
Received Import Request.
  Time since last request: 0.000611 seconds.
  path: Assets/Sprites/Slide (5).png
  artifactKey: Guid(bee363b3a3ee20149bc2106001d162ba) Importer(815301076,1909f56bfc062723c751e8b465ee728b)
Start importing Assets/Sprites/Slide (5).png using Guid(bee363b3a3ee20149bc2106001d162ba) Importer(815301076,1909f56bfc062723c751e8b465ee728b)  -> (artifact id: '463f4c222508a070f69cc3ca43bde701') in 0.033325 seconds 
  Import took 0.041336 seconds .

========================================================================
Received Import Request.
  Time since last request: 0.000601 seconds.
  path: Assets/Sprites/Slide (2).png
  artifactKey: Guid(2a4e8b7dc7858494e90eba92250f9ef0) Importer(815301076,1909f56bfc062723c751e8b465ee728b)
Start importing Assets/Sprites/Slide (2).png using Guid(2a4e8b7dc7858494e90eba92250f9ef0) Importer(815301076,1909f56bfc062723c751e8b465ee728b)  -> (artifact id: '686d000342e98b46427a137470b74d4e') in 0.025988 seconds 
  Import took 0.032794 seconds .

========================================================================
Received Import Request.
  Time since last request: 0.000610 seconds.
  path: Assets/Sprites/Slide (1).png
  artifactKey: Guid(8976b5878d8de9f4fa31d017274b03de) Importer(815301076,1909f56bfc062723c751e8b465ee728b)
Start importing Assets/Sprites/Slide (1).png using Guid(8976b5878d8de9f4fa31d017274b03de) Importer(815301076,1909f56bfc062723c751e8b465ee728b)  -> (artifact id: 'c8b4143fff402c9abb24a728df42eaf0') in 0.031743 seconds 
  Import took 0.041391 seconds .

========================================================================
Received Import Request.
  Time since last request: 0.000593 seconds.
  path: Assets/Sprites/Run (7).png
  artifactKey: Guid(bc02e739dbe03aa4d9818b6bb75d8c32) Importer(815301076,1909f56bfc062723c751e8b465ee728b)
Start importing Assets/Sprites/Run (7).png using Guid(bc02e739dbe03aa4d9818b6bb75d8c32) Importer(815301076,1909f56bfc062723c751e8b465ee728b)  -> (artifact id: '4fcf5af0ae1fd59b0439a4cfac6b5b47') in 0.029166 seconds 
  Import took 0.037109 seconds .

========================================================================
Received Import Request.
  Time since last request: 0.000666 seconds.
  path: Assets/Sprites/Slide (3).png
  artifactKey: Guid(e60eabdbf7411d441a5b8a74356822c0) Importer(815301076,1909f56bfc062723c751e8b465ee728b)
Start importing Assets/Sprites/Slide (3).png using Guid(e60eabdbf7411d441a5b8a74356822c0) Importer(815301076,1909f56bfc062723c751e8b465ee728b)  -> (artifact id: 'f27c4b1335c8e870a91ff07911be58b6') in 0.033147 seconds 
  Import took 0.042887 seconds .

========================================================================
Received Import Request.
  Time since last request: 0.000594 seconds.
  path: Assets/Sprites/Slide (6).png
  artifactKey: Guid(a93842c9f2a0a4b4dbf907d80e064f82) Importer(815301076,1909f56bfc062723c751e8b465ee728b)
Start importing Assets/Sprites/Slide (6).png using Guid(a93842c9f2a0a4b4dbf907d80e064f82) Importer(815301076,1909f56bfc062723c751e8b465ee728b)  -> (artifact id: 'fc7d52615d51e826bcce50d1be12c18e') in 0.031109 seconds 
  Import took 0.039528 seconds .

========================================================================
Received Import Request.
  Time since last request: 0.000807 seconds.
  path: Assets/Sprites/Run (8).png
  artifactKey: Guid(e272d255d8a51204a8db36d8b8328a52) Importer(815301076,1909f56bfc062723c751e8b465ee728b)
Start importing Assets/Sprites/Run (8).png using Guid(e272d255d8a51204a8db36d8b8328a52) Importer(815301076,1909f56bfc062723c751e8b465ee728b)  -> (artifact id: '73a18eadb0369b9fc5aa1abbc4fe9672') in 0.031447 seconds 
  Import took 0.039696 seconds .

========================================================================
Received Import Request.
  Time since last request: 0.000549 seconds.
  path: Assets/Sprites/Slide (7).png
  artifactKey: Guid(f308b8559d0f658478fcc7ed02ed4a78) Importer(815301076,1909f56bfc062723c751e8b465ee728b)
Start importing Assets/Sprites/Slide (7).png using Guid(f308b8559d0f658478fcc7ed02ed4a78) Importer(815301076,1909f56bfc062723c751e8b465ee728b)  -> (artifact id: 'df505421295df64b8606d574d1ad9f2e') in 0.031673 seconds 
  Import took 0.039636 seconds .

========================================================================
Received Prepare
Registering precompiled user dll's ...
Registered in 0.015126 seconds.
Begin MonoManager ReloadAssembly
Native extension for WindowsStandalone target not found
Native extension for WebGL target not found
Refreshing native plugins compatible for Editor in 1.20 ms, found 3 plugins.
Preloading 0 native plugins for Editor in 0.00 ms.
Mono: successfully reloaded assembly
- Completed reload, in  3.006 seconds
Domain Reload Profiling:
	ReloadAssembly (3007ms)
		BeginReloadAssembly (315ms)
			ExecutionOrderSort (0ms)
			DisableScriptedObjects (20ms)
			BackupInstance (0ms)
			ReleaseScriptingObjects (0ms)
			CreateAndSetChildDomain (90ms)
		EndReloadAssembly (2506ms)
			LoadAssemblies (296ms)
			RebuildTransferFunctionScriptingTraits (0ms)
			SetupTypeCache (855ms)
			ReleaseScriptCaches (2ms)
			RebuildScriptCaches (129ms)
			SetupLoadedEditorAssemblies (921ms)
				LogAssemblyErrors (0ms)
				InitializePlatformSupportModulesInManaged (17ms)
				SetLoadedEditorAssemblies (2ms)
				RefreshPlugins (1ms)
				BeforeProcessingInitializeOnLoad (193ms)
				ProcessInitializeOnLoadAttributes (651ms)
				ProcessInitializeOnLoadMethodAttributes (39ms)
				AfterProcessingInitializeOnLoad (19ms)
				EditorAssembliesLoaded (0ms)
			ExecutionOrderSort2 (0ms)
			AwakeInstancesAfterBackupRestoration (32ms)
Platform modules already initialized, skipping
Refreshing native plugins compatible for Editor in 1.20 ms, found 3 plugins.
Preloading 0 native plugins for Editor in 0.00 ms.
Unloading 2187 Unused Serialized files (Serialized files now loaded: 0)
System memory in use before: 99.2 MB.
System memory in use after: 99.4 MB.

Unloading 17 unused Assets to reduce memory usage. Loaded Objects now: 2643.
Total: 8.725300 ms (FindLiveObjects: 0.366900 ms CreateObjectMapping: 0.130300 ms MarkObjects: 8.179300 ms  DeleteObjects: 0.045800 ms)

AssetImportParameters requested are different than current active one (requested -> active):
  custom:framework-win-MediaFoundation: 216162199b28c13a410421893ffa2e32 -> 
  custom:video-decoder-ogg-theora: a1e56fd34408186e4bbccfd4996cb3dc -> 
  custom:container-muxer-webm: aa71ff27fc2769a1b78a27578f13a17b -> 
  custom:container-demuxer-webm: 4f35f7cbe854078d1ac9338744f61a02 -> 
  custom:container-demuxer-ogg: 62fdf1f143b41e24485cea50d1cbac27 -> 
  custom:video-encoder-webm-vp8: eb34c28f22e8b96e1ab97ce403110664 -> 
  custom:video-decoder-webm-vp8: 9c59270c3fd7afecdb556c50c9e8de78 -> 
  custom:audio-decoder-ogg-vorbis: bf7c407c2cedff20999df2af8eb42d56 -> 
  custom:audio-encoder-webm-vorbis: bf7c407c2cedff20999df2af8eb42d56 -> 
========================================================================
Received Import Request.
  Time since last request: 268.227380 seconds.
  path: Assets/Sprites/Slide (8).png
  artifactKey: Guid(e6bc059ab53ed134593f4fcb65e9e43e) Importer(815301076,1909f56bfc062723c751e8b465ee728b)
Start importing Assets/Sprites/Slide (8).png using Guid(e6bc059ab53ed134593f4fcb65e9e43e) Importer(815301076,1909f56bfc062723c751e8b465ee728b)  -> (artifact id: 'd1747d49eb14ad51cebb422a9f60b5f7') in 0.152433 seconds 
  Import took 0.161835 seconds .

========================================================================
Received Import Request.
  Time since last request: 0.000618 seconds.
  path: Assets/Sprites/Walk (5).png
  artifactKey: Guid(6ace99d4db6641641a5aa8f4017f37d8) Importer(815301076,1909f56bfc062723c751e8b465ee728b)
Start importing Assets/Sprites/Walk (5).png using Guid(6ace99d4db6641641a5aa8f4017f37d8) Importer(815301076,1909f56bfc062723c751e8b465ee728b)  -> (artifact id: '60cd81af1af6b08b03c15a4d0553d21b') in 0.032518 seconds 
  Import took 0.041392 seconds .

========================================================================
Received Import Request.
  Time since last request: 0.000758 seconds.
  path: Assets/Sprites/Walk (8).png
  artifactKey: Guid(acf0347130083344c8f3b4764fb8d3e3) Importer(815301076,1909f56bfc062723c751e8b465ee728b)
Start importing Assets/Sprites/Walk (8).png using Guid(acf0347130083344c8f3b4764fb8d3e3) Importer(815301076,1909f56bfc062723c751e8b465ee728b)  -> (artifact id: '8f093e991fd8ace81b48cc88ff1902f8') in 0.031717 seconds 
  Import took 0.039903 seconds .

========================================================================
Received Import Request.
  Time since last request: 0.000623 seconds.
  path: Assets/Sprites/Walk (3).png
  artifactKey: Guid(67d6564d5c1026540890ef26c58cdfd9) Importer(815301076,1909f56bfc062723c751e8b465ee728b)
Start importing Assets/Sprites/Walk (3).png using Guid(67d6564d5c1026540890ef26c58cdfd9) Importer(815301076,1909f56bfc062723c751e8b465ee728b)  -> (artifact id: '2097bf2937eae1bae6a6c242207ea443') in 0.034860 seconds 
  Import took 0.042902 seconds .

========================================================================
Received Import Request.
  Time since last request: 0.000578 seconds.
  path: Assets/Sprites/Walk (10).png
  artifactKey: Guid(352321dc4b0a2df4f9115634a14b6693) Importer(815301076,1909f56bfc062723c751e8b465ee728b)
Start importing Assets/Sprites/Walk (10).png using Guid(352321dc4b0a2df4f9115634a14b6693) Importer(815301076,1909f56bfc062723c751e8b465ee728b)  -> (artifact id: 'edae74955fada51a9f781084c6e5b6ce') in 0.028987 seconds 
  Import took 0.037888 seconds .

========================================================================
Received Import Request.
  Time since last request: 0.000556 seconds.
  path: Assets/Sprites/Walk (1).png
  artifactKey: Guid(88da7326441c64d499033f32565daaa3) Importer(815301076,1909f56bfc062723c751e8b465ee728b)
Start importing Assets/Sprites/Walk (1).png using Guid(88da7326441c64d499033f32565daaa3) Importer(815301076,1909f56bfc062723c751e8b465ee728b)  -> (artifact id: '50f502c016d4bb3eaa4354012619ca68') in 0.028128 seconds 
  Import took 0.036241 seconds .

========================================================================
Received Import Request.
  Time since last request: 0.000564 seconds.
  path: Assets/Sprites/Walk (6).png
  artifactKey: Guid(8d454a9ad7e75fe45a819ff1918e4d3e) Importer(815301076,1909f56bfc062723c751e8b465ee728b)
Start importing Assets/Sprites/Walk (6).png using Guid(8d454a9ad7e75fe45a819ff1918e4d3e) Importer(815301076,1909f56bfc062723c751e8b465ee728b)  -> (artifact id: '094c8a6988e50146f43ca2cbd6e1cdd4') in 0.031125 seconds 
  Import took 0.039588 seconds .

========================================================================
Received Import Request.
  Time since last request: 0.000530 seconds.
  path: Assets/Sprites/Slide (9).png
  artifactKey: Guid(9c3c19d48ccae0244ba10eab6b783141) Importer(815301076,1909f56bfc062723c751e8b465ee728b)
Start importing Assets/Sprites/Slide (9).png using Guid(9c3c19d48ccae0244ba10eab6b783141) Importer(815301076,1909f56bfc062723c751e8b465ee728b)  -> (artifact id: '93940cfb0e6785a9cf97ed225a25b25d') in 0.031985 seconds 
  Import took 0.041372 seconds .

========================================================================
Received Import Request.
  Time since last request: 0.000619 seconds.
  path: Assets/Sprites/Slide (10).png
  artifactKey: Guid(24e34858e6f7e5b4b990910f12c2f645) Importer(815301076,1909f56bfc062723c751e8b465ee728b)
Start importing Assets/Sprites/Slide (10).png using Guid(24e34858e6f7e5b4b990910f12c2f645) Importer(815301076,1909f56bfc062723c751e8b465ee728b)  -> (artifact id: 'bfa4dd64bfe340fab574aec0b8ed5598') in 0.030943 seconds 
  Import took 0.039959 seconds .

========================================================================
Received Import Request.
  Time since last request: 0.000573 seconds.
  path: Assets/Sprites/Walk (9).png
  artifactKey: Guid(6948790d072c5b24ab3f5a345101e6ef) Importer(815301076,1909f56bfc062723c751e8b465ee728b)
Start importing Assets/Sprites/Walk (9).png using Guid(6948790d072c5b24ab3f5a345101e6ef) Importer(815301076,1909f56bfc062723c751e8b465ee728b)  -> (artifact id: '67e57cbe10013e4f9eba443a35bcc332') in 0.027842 seconds 
  Import took 0.037421 seconds .

========================================================================
Received Import Request.
  Time since last request: 0.000650 seconds.
  path: Assets/Sprites/Walk (7).png
  artifactKey: Guid(00d127c180f1ab84caa546456d2b0d0c) Importer(815301076,1909f56bfc062723c751e8b465ee728b)
Start importing Assets/Sprites/Walk (7).png using Guid(00d127c180f1ab84caa546456d2b0d0c) Importer(815301076,1909f56bfc062723c751e8b465ee728b)  -> (artifact id: '52f5bcfca01d8c78be5570875bd6146a') in 0.033923 seconds 
  Import took 0.043874 seconds .

========================================================================
Received Import Request.
  Time since last request: 0.000517 seconds.
  path: Assets/Sprites/Walk (4).png
  artifactKey: Guid(912cb2f96ac71c64d81d2b48e9b625cf) Importer(815301076,1909f56bfc062723c751e8b465ee728b)
Start importing Assets/Sprites/Walk (4).png using Guid(912cb2f96ac71c64d81d2b48e9b625cf) Importer(815301076,1909f56bfc062723c751e8b465ee728b)  -> (artifact id: 'c392c538119f73f7c10826508af2eded') in 0.035154 seconds 
  Import took 0.043657 seconds .

========================================================================
Received Import Request.
  Time since last request: 0.000837 seconds.
  path: Assets/Sprites/Walk (2).png
  artifactKey: Guid(fce2fee23dc0d9245a3c47f68f7870bc) Importer(815301076,1909f56bfc062723c751e8b465ee728b)
Start importing Assets/Sprites/Walk (2).png using Guid(fce2fee23dc0d9245a3c47f68f7870bc) Importer(815301076,1909f56bfc062723c751e8b465ee728b)  -> (artifact id: '82f076919ce2944c15869dbb772491fc') in 0.029104 seconds 
  Import took 0.036952 seconds .

========================================================================
Received Import Request.
  Time since last request: 6.581035 seconds.
  path: Assets/Sprites/IdleCat.anim
  artifactKey: Guid(d1c7fb30140402844aac2169ff2a81a6) Importer(815301076,1909f56bfc062723c751e8b465ee728b)
Start importing Assets/Sprites/IdleCat.anim using Guid(d1c7fb30140402844aac2169ff2a81a6) Importer(815301076,1909f56bfc062723c751e8b465ee728b)  -> (artifact id: 'e521452d57e373fe2811cbaa24905fc9') in 0.031463 seconds 
  Import took 0.039542 seconds .

========================================================================
Received Import Request.
  Time since last request: 12.124263 seconds.
  path: Assets/Sprites/Idle (1).controller
  artifactKey: Guid(6e5dd73d33ffa934e94539f1604dd585) Importer(815301076,1909f56bfc062723c751e8b465ee728b)
Start importing Assets/Sprites/Idle (1).controller using Guid(6e5dd73d33ffa934e94539f1604dd585) Importer(815301076,1909f56bfc062723c751e8b465ee728b)  -> (artifact id: '8ac706449f93c17ee8ecec105ba616ea') in 0.018890 seconds 
  Import took 0.028848 seconds .

========================================================================
Received Prepare
Registering precompiled user dll's ...
Registered in 0.017888 seconds.
Begin MonoManager ReloadAssembly
Native extension for WindowsStandalone target not found
Native extension for WebGL target not found
Refreshing native plugins compatible for Editor in 1.19 ms, found 3 plugins.
Preloading 0 native plugins for Editor in 0.00 ms.
Mono: successfully reloaded assembly
- Completed reload, in  2.873 seconds
Domain Reload Profiling:
	ReloadAssembly (2874ms)
		BeginReloadAssembly (304ms)
			ExecutionOrderSort (0ms)
			DisableScriptedObjects (19ms)
			BackupInstance (0ms)
			ReleaseScriptingObjects (0ms)
			CreateAndSetChildDomain (91ms)
		EndReloadAssembly (2385ms)
			LoadAssemblies (275ms)
			RebuildTransferFunctionScriptingTraits (0ms)
			SetupTypeCache (867ms)
			ReleaseScriptCaches (2ms)
			RebuildScriptCaches (118ms)
			SetupLoadedEditorAssemblies (833ms)
				LogAssemblyErrors (0ms)
				InitializePlatformSupportModulesInManaged (16ms)
				SetLoadedEditorAssemblies (2ms)
				RefreshPlugins (1ms)
				BeforeProcessingInitializeOnLoad (180ms)
				ProcessInitializeOnLoadAttributes (586ms)
				ProcessInitializeOnLoadMethodAttributes (32ms)
				AfterProcessingInitializeOnLoad (16ms)
				EditorAssembliesLoaded (0ms)
			ExecutionOrderSort2 (0ms)
			AwakeInstancesAfterBackupRestoration (27ms)
Platform modules already initialized, skipping
Refreshing native plugins compatible for Editor in 1.20 ms, found 3 plugins.
Preloading 0 native plugins for Editor in 0.00 ms.
Unloading 2187 Unused Serialized files (Serialized files now loaded: 0)
System memory in use before: 99.3 MB.
System memory in use after: 99.4 MB.

Unloading 17 unused Assets to reduce memory usage. Loaded Objects now: 2646.
Total: 9.158200 ms (FindLiveObjects: 0.379900 ms CreateObjectMapping: 0.159400 ms MarkObjects: 8.569000 ms  DeleteObjects: 0.047100 ms)

AssetImportParameters requested are different than current active one (requested -> active):
  custom:framework-win-MediaFoundation: 216162199b28c13a410421893ffa2e32 -> 
  custom:video-decoder-ogg-theora: a1e56fd34408186e4bbccfd4996cb3dc -> 
  custom:container-muxer-webm: aa71ff27fc2769a1b78a27578f13a17b -> 
  custom:container-demuxer-webm: 4f35f7cbe854078d1ac9338744f61a02 -> 
  custom:container-demuxer-ogg: 62fdf1f143b41e24485cea50d1cbac27 -> 
  custom:video-encoder-webm-vp8: eb34c28f22e8b96e1ab97ce403110664 -> 
  custom:video-decoder-webm-vp8: 9c59270c3fd7afecdb556c50c9e8de78 -> 
  custom:audio-decoder-ogg-vorbis: bf7c407c2cedff20999df2af8eb42d56 -> 
  custom:audio-encoder-webm-vorbis: bf7c407c2cedff20999df2af8eb42d56 -> 
========================================================================
Received Import Request.
  Time since last request: 936.274405 seconds.
  path: Assets/Scripts/AudioScript.cs
  artifactKey: Guid(8260ad3c9c6fddd4590512c2dd9e4ee2) Importer(815301076,1909f56bfc062723c751e8b465ee728b)
Start importing Assets/Scripts/AudioScript.cs using Guid(8260ad3c9c6fddd4590512c2dd9e4ee2) Importer(815301076,1909f56bfc062723c751e8b465ee728b)  -> (artifact id: '7ee153866f368f39cf55effb6cab3ece') in 0.024475 seconds 
  Import took 0.033676 seconds .

========================================================================
Received Prepare
Registering precompiled user dll's ...
Registered in 0.012688 seconds.
Begin MonoManager ReloadAssembly
Native extension for WindowsStandalone target not found
Native extension for WebGL target not found
Refreshing native plugins compatible for Editor in 1.20 ms, found 3 plugins.
Preloading 0 native plugins for Editor in 0.00 ms.
Mono: successfully reloaded assembly
- Completed reload, in  3.029 seconds
Domain Reload Profiling:
	ReloadAssembly (3030ms)
		BeginReloadAssembly (316ms)
			ExecutionOrderSort (0ms)
			DisableScriptedObjects (18ms)
			BackupInstance (0ms)
			ReleaseScriptingObjects (0ms)
			CreateAndSetChildDomain (101ms)
		EndReloadAssembly (2529ms)
			LoadAssemblies (284ms)
			RebuildTransferFunctionScriptingTraits (0ms)
			SetupTypeCache (885ms)
			ReleaseScriptCaches (2ms)
			RebuildScriptCaches (177ms)
			SetupLoadedEditorAssemblies (891ms)
				LogAssemblyErrors (0ms)
				InitializePlatformSupportModulesInManaged (16ms)
				SetLoadedEditorAssemblies (1ms)
				RefreshPlugins (1ms)
				BeforeProcessingInitializeOnLoad (190ms)
				ProcessInitializeOnLoadAttributes (625ms)
				ProcessInitializeOnLoadMethodAttributes (38ms)
				AfterProcessingInitializeOnLoad (19ms)
				EditorAssembliesLoaded (0ms)
			ExecutionOrderSort2 (0ms)
			AwakeInstancesAfterBackupRestoration (35ms)
Platform modules already initialized, skipping
Refreshing native plugins compatible for Editor in 1.20 ms, found 3 plugins.
Preloading 0 native plugins for Editor in 0.00 ms.
Unloading 2187 Unused Serialized files (Serialized files now loaded: 0)
System memory in use before: 99.3 MB.
System memory in use after: 99.4 MB.

Unloading 17 unused Assets to reduce memory usage. Loaded Objects now: 2648.
Total: 9.245900 ms (FindLiveObjects: 0.379700 ms CreateObjectMapping: 0.134200 ms MarkObjects: 8.682100 ms  DeleteObjects: 0.046800 ms)

AssetImportParameters requested are different than current active one (requested -> active):
  custom:framework-win-MediaFoundation: 216162199b28c13a410421893ffa2e32 -> 
  custom:video-decoder-ogg-theora: a1e56fd34408186e4bbccfd4996cb3dc -> 
  custom:container-muxer-webm: aa71ff27fc2769a1b78a27578f13a17b -> 
  custom:container-demuxer-webm: 4f35f7cbe854078d1ac9338744f61a02 -> 
  custom:container-demuxer-ogg: 62fdf1f143b41e24485cea50d1cbac27 -> 
  custom:video-encoder-webm-vp8: eb34c28f22e8b96e1ab97ce403110664 -> 
  custom:video-decoder-webm-vp8: 9c59270c3fd7afecdb556c50c9e8de78 -> 
  custom:audio-decoder-ogg-vorbis: bf7c407c2cedff20999df2af8eb42d56 -> 
  custom:audio-encoder-webm-vorbis: bf7c407c2cedff20999df2af8eb42d56 -> 
========================================================================
Received Import Request.
  Time since last request: 83.701223 seconds.
  path: Assets/Scripts/AudioScript.cs
  artifactKey: Guid(8260ad3c9c6fddd4590512c2dd9e4ee2) Importer(815301076,1909f56bfc062723c751e8b465ee728b)
Start importing Assets/Scripts/AudioScript.cs using Guid(8260ad3c9c6fddd4590512c2dd9e4ee2) Importer(815301076,1909f56bfc062723c751e8b465ee728b)  -> (artifact id: '7d7b437aaa8f1d9370cf470b91172f0c') in 0.014630 seconds 
  Import took 0.022533 seconds .

========================================================================
Received Prepare
Registering precompiled user dll's ...
Registered in 0.013578 seconds.
Begin MonoManager ReloadAssembly
Native extension for WindowsStandalone target not found
Native extension for WebGL target not found
Refreshing native plugins compatible for Editor in 1.58 ms, found 3 plugins.
Preloading 0 native plugins for Editor in 0.00 ms.
Mono: successfully reloaded assembly
- Completed reload, in  2.817 seconds
Domain Reload Profiling:
	ReloadAssembly (2818ms)
		BeginReloadAssembly (276ms)
			ExecutionOrderSort (0ms)
			DisableScriptedObjects (19ms)
			BackupInstance (0ms)
			ReleaseScriptingObjects (0ms)
			CreateAndSetChildDomain (81ms)
		EndReloadAssembly (2356ms)
			LoadAssemblies (261ms)
			RebuildTransferFunctionScriptingTraits (0ms)
			SetupTypeCache (827ms)
			ReleaseScriptCaches (2ms)
			RebuildScriptCaches (119ms)
			SetupLoadedEditorAssemblies (844ms)
				LogAssemblyErrors (0ms)
				InitializePlatformSupportModulesInManaged (16ms)
				SetLoadedEditorAssemblies (1ms)
				RefreshPlugins (2ms)
				BeforeProcessingInitializeOnLoad (179ms)
				ProcessInitializeOnLoadAttributes (595ms)
				ProcessInitializeOnLoadMethodAttributes (32ms)
				AfterProcessingInitializeOnLoad (18ms)
				EditorAssembliesLoaded (0ms)
			ExecutionOrderSort2 (0ms)
			AwakeInstancesAfterBackupRestoration (27ms)
Platform modules already initialized, skipping
Refreshing native plugins compatible for Editor in 1.18 ms, found 3 plugins.
Preloading 0 native plugins for Editor in 0.00 ms.
Unloading 2187 Unused Serialized files (Serialized files now loaded: 0)
System memory in use before: 99.3 MB.
System memory in use after: 99.5 MB.

Unloading 17 unused Assets to reduce memory usage. Loaded Objects now: 2650.
Total: 8.193700 ms (FindLiveObjects: 0.370700 ms CreateObjectMapping: 0.132000 ms MarkObjects: 7.645900 ms  DeleteObjects: 0.042200 ms)

AssetImportParameters requested are different than current active one (requested -> active):
  custom:framework-win-MediaFoundation: 216162199b28c13a410421893ffa2e32 -> 
  custom:video-decoder-ogg-theora: a1e56fd34408186e4bbccfd4996cb3dc -> 
  custom:container-muxer-webm: aa71ff27fc2769a1b78a27578f13a17b -> 
  custom:container-demuxer-webm: 4f35f7cbe854078d1ac9338744f61a02 -> 
  custom:container-demuxer-ogg: 62fdf1f143b41e24485cea50d1cbac27 -> 
  custom:video-encoder-webm-vp8: eb34c28f22e8b96e1ab97ce403110664 -> 
  custom:video-decoder-webm-vp8: 9c59270c3fd7afecdb556c50c9e8de78 -> 
  custom:audio-decoder-ogg-vorbis: bf7c407c2cedff20999df2af8eb42d56 -> 
  custom:audio-encoder-webm-vorbis: bf7c407c2cedff20999df2af8eb42d56 -> 
========================================================================
Received Prepare
Registering precompiled user dll's ...
Registered in 0.009062 seconds.
Begin MonoManager ReloadAssembly
Native extension for WindowsStandalone target not found
Native extension for WebGL target not found
Refreshing native plugins compatible for Editor in 1.20 ms, found 3 plugins.
Preloading 0 native plugins for Editor in 0.00 ms.
Mono: successfully reloaded assembly
- Completed reload, in  3.017 seconds
Domain Reload Profiling:
	ReloadAssembly (3019ms)
		BeginReloadAssembly (339ms)
			ExecutionOrderSort (0ms)
			DisableScriptedObjects (24ms)
			BackupInstance (0ms)
			ReleaseScriptingObjects (0ms)
			CreateAndSetChildDomain (98ms)
		EndReloadAssembly (2453ms)
			LoadAssemblies (302ms)
			RebuildTransferFunctionScriptingTraits (0ms)
			SetupTypeCache (872ms)
			ReleaseScriptCaches (2ms)
			RebuildScriptCaches (126ms)
			SetupLoadedEditorAssemblies (856ms)
				LogAssemblyErrors (0ms)
				InitializePlatformSupportModulesInManaged (16ms)
				SetLoadedEditorAssemblies (2ms)
				RefreshPlugins (1ms)
				BeforeProcessingInitializeOnLoad (184ms)
				ProcessInitializeOnLoadAttributes (602ms)
				ProcessInitializeOnLoadMethodAttributes (32ms)
				AfterProcessingInitializeOnLoad (18ms)
				EditorAssembliesLoaded (0ms)
			ExecutionOrderSort2 (0ms)
			AwakeInstancesAfterBackupRestoration (27ms)
Platform modules already initialized, skipping
Refreshing native plugins compatible for Editor in 1.18 ms, found 3 plugins.
Preloading 0 native plugins for Editor in 0.00 ms.
Unloading 2187 Unused Serialized files (Serialized files now loaded: 0)
System memory in use before: 99.3 MB.
System memory in use after: 99.5 MB.

Unloading 17 unused Assets to reduce memory usage. Loaded Objects now: 2652.
Total: 8.383200 ms (FindLiveObjects: 0.373500 ms CreateObjectMapping: 0.132500 ms MarkObjects: 7.831300 ms  DeleteObjects: 0.043300 ms)

AssetImportParameters requested are different than current active one (requested -> active):
  custom:framework-win-MediaFoundation: 216162199b28c13a410421893ffa2e32 -> 
  custom:video-decoder-ogg-theora: a1e56fd34408186e4bbccfd4996cb3dc -> 
  custom:container-muxer-webm: aa71ff27fc2769a1b78a27578f13a17b -> 
  custom:container-demuxer-webm: 4f35f7cbe854078d1ac9338744f61a02 -> 
  custom:container-demuxer-ogg: 62fdf1f143b41e24485cea50d1cbac27 -> 
  custom:video-encoder-webm-vp8: eb34c28f22e8b96e1ab97ce403110664 -> 
  custom:video-decoder-webm-vp8: 9c59270c3fd7afecdb556c50c9e8de78 -> 
  custom:audio-decoder-ogg-vorbis: bf7c407c2cedff20999df2af8eb42d56 -> 
  custom:audio-encoder-webm-vorbis: bf7c407c2cedff20999df2af8eb42d56 -> 
========================================================================
Received Prepare
Registering precompiled user dll's ...
Registered in 0.018067 seconds.
Begin MonoManager ReloadAssembly
Native extension for WindowsStandalone target not found
Native extension for WebGL target not found
Refreshing native plugins compatible for Editor in 1.24 ms, found 3 plugins.
Preloading 0 native plugins for Editor in 0.00 ms.
Mono: successfully reloaded assembly
- Completed reload, in  2.926 seconds
Domain Reload Profiling:
	ReloadAssembly (2927ms)
		BeginReloadAssembly (307ms)
			ExecutionOrderSort (0ms)
			DisableScriptedObjects (11ms)
			BackupInstance (0ms)
			ReleaseScriptingObjects (0ms)
			CreateAndSetChildDomain (82ms)
		EndReloadAssembly (2463ms)
			LoadAssemblies (247ms)
			RebuildTransferFunctionScriptingTraits (0ms)
			SetupTypeCache (870ms)
			ReleaseScriptCaches (2ms)
			RebuildScriptCaches (129ms)
			SetupLoadedEditorAssemblies (914ms)
				LogAssemblyErrors (0ms)
				InitializePlatformSupportModulesInManaged (17ms)
				SetLoadedEditorAssemblies (2ms)
				RefreshPlugins (2ms)
				BeforeProcessingInitializeOnLoad (202ms)
				ProcessInitializeOnLoadAttributes (636ms)
				ProcessInitializeOnLoadMethodAttributes (35ms)
				AfterProcessingInitializeOnLoad (19ms)
				EditorAssembliesLoaded (0ms)
			ExecutionOrderSort2 (0ms)
			AwakeInstancesAfterBackupRestoration (29ms)
Platform modules already initialized, skipping
Refreshing native plugins compatible for Editor in 1.31 ms, found 3 plugins.
Preloading 0 native plugins for Editor in 0.00 ms.
Unloading 2187 Unused Serialized files (Serialized files now loaded: 0)
System memory in use before: 99.3 MB.
System memory in use after: 99.5 MB.

Unloading 17 unused Assets to reduce memory usage. Loaded Objects now: 2654.
Total: 9.424500 ms (FindLiveObjects: 0.402300 ms CreateObjectMapping: 0.202300 ms MarkObjects: 8.774200 ms  DeleteObjects: 0.042100 ms)

AssetImportParameters requested are different than current active one (requested -> active):
  custom:framework-win-MediaFoundation: 216162199b28c13a410421893ffa2e32 -> 
  custom:video-decoder-ogg-theora: a1e56fd34408186e4bbccfd4996cb3dc -> 
  custom:container-muxer-webm: aa71ff27fc2769a1b78a27578f13a17b -> 
  custom:container-demuxer-webm: 4f35f7cbe854078d1ac9338744f61a02 -> 
  custom:container-demuxer-ogg: 62fdf1f143b41e24485cea50d1cbac27 -> 
  custom:video-encoder-webm-vp8: eb34c28f22e8b96e1ab97ce403110664 -> 
  custom:video-decoder-webm-vp8: 9c59270c3fd7afecdb556c50c9e8de78 -> 
  custom:audio-decoder-ogg-vorbis: bf7c407c2cedff20999df2af8eb42d56 -> 
  custom:audio-encoder-webm-vorbis: bf7c407c2cedff20999df2af8eb42d56 -> 
========================================================================
Received Prepare
Registering precompiled user dll's ...
Registered in 0.020213 seconds.
Begin MonoManager ReloadAssembly
Native extension for WindowsStandalone target not found
Native extension for WebGL target not found
Refreshing native plugins compatible for Editor in 1.07 ms, found 3 plugins.
Preloading 0 native plugins for Editor in 0.00 ms.
Mono: successfully reloaded assembly
- Completed reload, in  2.875 seconds
Domain Reload Profiling:
	ReloadAssembly (2877ms)
		BeginReloadAssembly (312ms)
			ExecutionOrderSort (0ms)
			DisableScriptedObjects (24ms)
			BackupInstance (0ms)
			ReleaseScriptingObjects (0ms)
			CreateAndSetChildDomain (81ms)
		EndReloadAssembly (2379ms)
			LoadAssemblies (280ms)
			RebuildTransferFunctionScriptingTraits (0ms)
			SetupTypeCache (848ms)
			ReleaseScriptCaches (2ms)
			RebuildScriptCaches (121ms)
			SetupLoadedEditorAssemblies (844ms)
				LogAssemblyErrors (0ms)
				InitializePlatformSupportModulesInManaged (15ms)
				SetLoadedEditorAssemblies (1ms)
				RefreshPlugins (1ms)
				BeforeProcessingInitializeOnLoad (238ms)
				ProcessInitializeOnLoadAttributes (535ms)
				ProcessInitializeOnLoadMethodAttributes (33ms)
				AfterProcessingInitializeOnLoad (20ms)
				EditorAssembliesLoaded (0ms)
			ExecutionOrderSort2 (0ms)
			AwakeInstancesAfterBackupRestoration (30ms)
Platform modules already initialized, skipping
Refreshing native plugins compatible for Editor in 1.20 ms, found 3 plugins.
Preloading 0 native plugins for Editor in 0.00 ms.
Unloading 2187 Unused Serialized files (Serialized files now loaded: 0)
System memory in use before: 99.3 MB.
System memory in use after: 99.5 MB.

Unloading 17 unused Assets to reduce memory usage. Loaded Objects now: 2656.
Total: 8.276200 ms (FindLiveObjects: 0.389200 ms CreateObjectMapping: 0.177200 ms MarkObjects: 7.661800 ms  DeleteObjects: 0.045300 ms)

AssetImportParameters requested are different than current active one (requested -> active):
  custom:framework-win-MediaFoundation: 216162199b28c13a410421893ffa2e32 -> 
  custom:video-decoder-ogg-theora: a1e56fd34408186e4bbccfd4996cb3dc -> 
  custom:container-muxer-webm: aa71ff27fc2769a1b78a27578f13a17b -> 
  custom:container-demuxer-webm: 4f35f7cbe854078d1ac9338744f61a02 -> 
  custom:container-demuxer-ogg: 62fdf1f143b41e24485cea50d1cbac27 -> 
  custom:video-encoder-webm-vp8: eb34c28f22e8b96e1ab97ce403110664 -> 
  custom:video-decoder-webm-vp8: 9c59270c3fd7afecdb556c50c9e8de78 -> 
  custom:audio-decoder-ogg-vorbis: bf7c407c2cedff20999df2af8eb42d56 -> 
  custom:audio-encoder-webm-vorbis: bf7c407c2cedff20999df2af8eb42d56 -> 
========================================================================
Received Prepare
Registering precompiled user dll's ...
Registered in 0.012467 seconds.
Begin MonoManager ReloadAssembly
Native extension for WindowsStandalone target not found
Native extension for WebGL target not found
Refreshing native plugins compatible for Editor in 1.17 ms, found 3 plugins.
Preloading 0 native plugins for Editor in 0.00 ms.
Mono: successfully reloaded assembly
- Completed reload, in  2.926 seconds
Domain Reload Profiling:
	ReloadAssembly (2927ms)
		BeginReloadAssembly (317ms)
			ExecutionOrderSort (0ms)
			DisableScriptedObjects (22ms)
			BackupInstance (0ms)
			ReleaseScriptingObjects (0ms)
			CreateAndSetChildDomain (84ms)
		EndReloadAssembly (2451ms)
			LoadAssemblies (302ms)
			RebuildTransferFunctionScriptingTraits (0ms)
			SetupTypeCache (776ms)
			ReleaseScriptCaches (2ms)
			RebuildScriptCaches (122ms)
			SetupLoadedEditorAssemblies (904ms)
				LogAssemblyErrors (0ms)
				InitializePlatformSupportModulesInManaged (17ms)
				SetLoadedEditorAssemblies (2ms)
				RefreshPlugins (1ms)
				BeforeProcessingInitializeOnLoad (211ms)
				ProcessInitializeOnLoadAttributes (622ms)
				ProcessInitializeOnLoadMethodAttributes (33ms)
				AfterProcessingInitializeOnLoad (17ms)
				EditorAssembliesLoaded (0ms)
			ExecutionOrderSort2 (0ms)
			AwakeInstancesAfterBackupRestoration (32ms)
Platform modules already initialized, skipping
Refreshing native plugins compatible for Editor in 1.29 ms, found 3 plugins.
Preloading 0 native plugins for Editor in 0.00 ms.
Unloading 2187 Unused Serialized files (Serialized files now loaded: 0)
System memory in use before: 99.4 MB.
System memory in use after: 99.5 MB.

Unloading 17 unused Assets to reduce memory usage. Loaded Objects now: 2658.
Total: 8.565400 ms (FindLiveObjects: 0.301200 ms CreateObjectMapping: 0.109400 ms MarkObjects: 8.107700 ms  DeleteObjects: 0.044800 ms)

AssetImportParameters requested are different than current active one (requested -> active):
  custom:framework-win-MediaFoundation: 216162199b28c13a410421893ffa2e32 -> 
  custom:video-decoder-ogg-theora: a1e56fd34408186e4bbccfd4996cb3dc -> 
  custom:container-muxer-webm: aa71ff27fc2769a1b78a27578f13a17b -> 
  custom:container-demuxer-webm: 4f35f7cbe854078d1ac9338744f61a02 -> 
  custom:container-demuxer-ogg: 62fdf1f143b41e24485cea50d1cbac27 -> 
  custom:video-encoder-webm-vp8: eb34c28f22e8b96e1ab97ce403110664 -> 
  custom:video-decoder-webm-vp8: 9c59270c3fd7afecdb556c50c9e8de78 -> 
  custom:audio-decoder-ogg-vorbis: bf7c407c2cedff20999df2af8eb42d56 -> 
  custom:audio-encoder-webm-vorbis: bf7c407c2cedff20999df2af8eb42d56 -> 
========================================================================
Received Prepare
Refreshing native plugins compatible for Editor in 14.74 ms, found 3 plugins.
Preloading 0 native plugins for Editor in 0.00 ms.
Unloading 15 Unused Serialized files (Serialized files now loaded: 0)
System memory in use before: 55.6 MB.
System memory in use after: 55.7 MB.

Unloading 15 unused Assets to reduce memory usage. Loaded Objects now: 2658.
Total: 8.890000 ms (FindLiveObjects: 0.369400 ms CreateObjectMapping: 0.157300 ms MarkObjects: 8.321600 ms  DeleteObjects: 0.038300 ms)

AssetImportParameters requested are different than current active one (requested -> active):
  custom:framework-win-MediaFoundation: 216162199b28c13a410421893ffa2e32 -> 
  custom:video-decoder-ogg-theora: a1e56fd34408186e4bbccfd4996cb3dc -> 
  custom:container-muxer-webm: aa71ff27fc2769a1b78a27578f13a17b -> 
  custom:container-demuxer-webm: 4f35f7cbe854078d1ac9338744f61a02 -> 
  custom:container-demuxer-ogg: 62fdf1f143b41e24485cea50d1cbac27 -> 
  custom:video-encoder-webm-vp8: eb34c28f22e8b96e1ab97ce403110664 -> 
  custom:video-decoder-webm-vp8: 9c59270c3fd7afecdb556c50c9e8de78 -> 
  custom:audio-decoder-ogg-vorbis: bf7c407c2cedff20999df2af8eb42d56 -> 
  custom:audio-encoder-webm-vorbis: bf7c407c2cedff20999df2af8eb42d56 -> 
========================================================================
Received Prepare
Registering precompiled user dll's ...
Registered in 0.016413 seconds.
Begin MonoManager ReloadAssembly
Native extension for WindowsStandalone target not found
Native extension for WebGL target not found
Refreshing native plugins compatible for Editor in 1.17 ms, found 3 plugins.
Preloading 0 native plugins for Editor in 0.00 ms.
Mono: successfully reloaded assembly
- Completed reload, in  3.100 seconds
Domain Reload Profiling:
	ReloadAssembly (3102ms)
		BeginReloadAssembly (398ms)
			ExecutionOrderSort (0ms)
			DisableScriptedObjects (27ms)
			BackupInstance (0ms)
			ReleaseScriptingObjects (0ms)
			CreateAndSetChildDomain (113ms)
		EndReloadAssembly (2440ms)
			LoadAssemblies (349ms)
			RebuildTransferFunctionScriptingTraits (0ms)
			SetupTypeCache (780ms)
			ReleaseScriptCaches (3ms)
			RebuildScriptCaches (115ms)
			SetupLoadedEditorAssemblies (985ms)
				LogAssemblyErrors (0ms)
				InitializePlatformSupportModulesInManaged (14ms)
				SetLoadedEditorAssemblies (1ms)
				RefreshPlugins (1ms)
				BeforeProcessingInitializeOnLoad (185ms)
				ProcessInitializeOnLoadAttributes (725ms)
				ProcessInitializeOnLoadMethodAttributes (40ms)
				AfterProcessingInitializeOnLoad (19ms)
				EditorAssembliesLoaded (0ms)
			ExecutionOrderSort2 (0ms)
			AwakeInstancesAfterBackupRestoration (39ms)
Platform modules already initialized, skipping
Refreshing native plugins compatible for Editor in 1.51 ms, found 3 plugins.
Preloading 0 native plugins for Editor in 0.00 ms.
Unloading 2187 Unused Serialized files (Serialized files now loaded: 0)
System memory in use before: 99.4 MB.
System memory in use after: 99.5 MB.

Unloading 17 unused Assets to reduce memory usage. Loaded Objects now: 2660.
Total: 8.588800 ms (FindLiveObjects: 0.408100 ms CreateObjectMapping: 0.172500 ms MarkObjects: 7.964100 ms  DeleteObjects: 0.041400 ms)

AssetImportParameters requested are different than current active one (requested -> active):
  custom:framework-win-MediaFoundation: 216162199b28c13a410421893ffa2e32 -> 
  custom:video-decoder-ogg-theora: a1e56fd34408186e4bbccfd4996cb3dc -> 
  custom:container-muxer-webm: aa71ff27fc2769a1b78a27578f13a17b -> 
  custom:container-demuxer-webm: 4f35f7cbe854078d1ac9338744f61a02 -> 
  custom:container-demuxer-ogg: 62fdf1f143b41e24485cea50d1cbac27 -> 
  custom:video-encoder-webm-vp8: eb34c28f22e8b96e1ab97ce403110664 -> 
  custom:video-decoder-webm-vp8: 9c59270c3fd7afecdb556c50c9e8de78 -> 
  custom:audio-decoder-ogg-vorbis: bf7c407c2cedff20999df2af8eb42d56 -> 
  custom:audio-encoder-webm-vorbis: bf7c407c2cedff20999df2af8eb42d56 -> 
========================================================================
Received Prepare
Refreshing native plugins compatible for Editor in 13.83 ms, found 3 plugins.
Preloading 0 native plugins for Editor in 0.00 ms.
Unloading 15 Unused Serialized files (Serialized files now loaded: 0)
System memory in use before: 55.6 MB.
System memory in use after: 55.7 MB.

Unloading 15 unused Assets to reduce memory usage. Loaded Objects now: 2660.
Total: 8.376800 ms (FindLiveObjects: 0.392200 ms CreateObjectMapping: 0.134800 ms MarkObjects: 7.808300 ms  DeleteObjects: 0.039200 ms)

AssetImportParameters requested are different than current active one (requested -> active):
  custom:framework-win-MediaFoundation: 216162199b28c13a410421893ffa2e32 -> 
  custom:video-decoder-ogg-theora: a1e56fd34408186e4bbccfd4996cb3dc -> 
  custom:container-muxer-webm: aa71ff27fc2769a1b78a27578f13a17b -> 
  custom:container-demuxer-webm: 4f35f7cbe854078d1ac9338744f61a02 -> 
  custom:container-demuxer-ogg: 62fdf1f143b41e24485cea50d1cbac27 -> 
  custom:video-encoder-webm-vp8: eb34c28f22e8b96e1ab97ce403110664 -> 
  custom:video-decoder-webm-vp8: 9c59270c3fd7afecdb556c50c9e8de78 -> 
  custom:audio-decoder-ogg-vorbis: bf7c407c2cedff20999df2af8eb42d56 -> 
  custom:audio-encoder-webm-vorbis: bf7c407c2cedff20999df2af8eb42d56 -> 
AssetImportWorkerClient::OnTransportError - code=2 error=End of file
